2021/08/19 10:19:14 [error] [exception.Error] Error: Class 'Ratchet\Server\IoServer' not found in D:\nadilk\OSPanel\OpenServer\domains\domashka.me\protected\commands\WebsocketCommand.php:8
Stack trace:
#0 D:\nadilk\OSPanel\OpenServer\domains\yii-1.1\framework\console\CConsoleCommandRunner.php(71): WebsocketCommand->run()
#1 D:\nadilk\OSPanel\OpenServer\domains\yii-1.1\framework\console\CConsoleApplication.php(92): CConsoleCommandRunner->run()
#2 D:\nadilk\OSPanel\OpenServer\domains\yii-1.1\framework\base\CApplication.php(185): CConsoleApplication->processRequest()
#3 D:\nadilk\OSPanel\OpenServer\domains\yii-1.1\framework\yiic.php(33): CApplication->run()
#4 D:\nadilk\OSPanel\OpenServer\domains\domashka.me\protected\yiic.php(7): require_once('D:\\nadilk\\OSPan...')
#5 {main}
---
2021/08/19 10:22:08 [error] [php] include(CommentsListener.php): failed to open stream: No such file or directory (D:\nadilk\OSPanel\OpenServer\domains\yii-1.1\framework\YiiBase.php:463)
Stack trace:
#0 D:\nadilk\OSPanel\OpenServer\domains\yii-1.1\framework\YiiBase.php(463): include()
#1 unknown(0): autoload()
#2 D:\nadilk\OSPanel\OpenServer\domains\domashka.me\protected\commands\WebsocketCommand.php(9): spl_autoload_call()
#3 D:\nadilk\OSPanel\OpenServer\domains\yii-1.1\framework\console\CConsoleCommandRunner.php(71): WebsocketCommand->run()
#4 D:\nadilk\OSPanel\OpenServer\domains\yii-1.1\framework\console\CConsoleApplication.php(92): CConsoleCommandRunner->run()
#5 D:\nadilk\OSPanel\OpenServer\domains\yii-1.1\framework\base\CApplication.php(185): CConsoleApplication->processRequest()
#6 D:\nadilk\OSPanel\OpenServer\domains\yii-1.1\framework\yiic.php(33): CConsoleApplication->run()
#7 D:\nadilk\OSPanel\OpenServer\domains\domashka.me\protected\yiic.php(8): require_once()

2021/08/19 10:22:46 [error] [exception.Error] Error: Class 'App\ws\CommentsListener' not found in D:\nadilk\OSPanel\OpenServer\domains\domashka.me\protected\commands\WebsocketCommand.php:11
Stack trace:
#0 D:\nadilk\OSPanel\OpenServer\domains\yii-1.1\framework\console\CConsoleCommandRunner.php(71): WebsocketCommand->run()
#1 D:\nadilk\OSPanel\OpenServer\domains\yii-1.1\framework\console\CConsoleApplication.php(92): CConsoleCommandRunner->run()
#2 D:\nadilk\OSPanel\OpenServer\domains\yii-1.1\framework\base\CApplication.php(185): CConsoleApplication->processRequest()
#3 D:\nadilk\OSPanel\OpenServer\domains\yii-1.1\framework\yiic.php(33): CApplication->run()
#4 D:\nadilk\OSPanel\OpenServer\domains\domashka.me\protected\yiic.php(8): require_once('D:\\nadilk\\OSPan...')
#5 {main}
---
2021/08/19 10:26:52 [error] [exception.Error] Error: Call to a member function attach() on null in D:\nadilk\OSPanel\OpenServer\domains\domashka.me\protected\ws\CommentsListener.php:10
Stack trace:
#0 D:\nadilk\OSPanel\OpenServer\domains\domashka.me\vendor\cboden\ratchet\src\Ratchet\Server\IoServer.php(92): App\ws\CommentsListener->onOpen()
#1 D:\nadilk\OSPanel\OpenServer\domains\domashka.me\vendor\evenement\evenement\src\Evenement\EventEmitterTrait.php(123): Ratchet\Server\IoServer->handleConnect()
#2 D:\nadilk\OSPanel\OpenServer\domains\domashka.me\vendor\react\socket\src\Server.php(88): Evenement\EventEmitter->emit()
#3 D:\nadilk\OSPanel\OpenServer\domains\domashka.me\vendor\evenement\evenement\src\Evenement\EventEmitterTrait.php(123): React\Socket\Server->React\Socket\{closure}()
#4 D:\nadilk\OSPanel\OpenServer\domains\domashka.me\vendor\react\socket\src\TcpServer.php(240): Evenement\EventEmitter->emit()
#5 D:\nadilk\OSPanel\OpenServer\domains\domashka.me\vendor\react\socket\src\TcpServer.php(220): React\Socket\TcpServer->handleConnection()
#6 D:\nadilk\OSPanel\OpenServer\domains\domashka.me\vendor\react\event-loop\src\StreamSelectLoop.php(245): React\Socket\TcpServer->React\Socket\{closure}()
#7 D:\nadilk\OSPanel\OpenServer\domains\domashka.me\vendor\react\event-loop\src\StreamSelectLoop.php(212): React\EventLoop\StreamSelectLoop->waitForStreamActivity()
#8 D:\nadilk\OSPanel\OpenServer\domains\domashka.me\vendor\cboden\ratchet\src\Ratchet\Server\IoServer.php(74): React\EventLoop\StreamSelectLoop->run()
#9 D:\nadilk\OSPanel\OpenServer\domains\domashka.me\protected\commands\WebsocketCommand.php(15): Ratchet\Server\IoServer->run()
#10 D:\nadilk\OSPanel\OpenServer\domains\yii-1.1\framework\console\CConsoleCommandRunner.php(71): WebsocketCommand->run()
#11 D:\nadilk\OSPanel\OpenServer\domains\yii-1.1\framework\console\CConsoleApplication.php(92): CConsoleCommandRunner->run()
#12 D:\nadilk\OSPanel\OpenServer\domains\yii-1.1\framework\base\CApplication.php(185): CConsoleApplication->processRequest()
#13 D:\nadilk\OSPanel\OpenServer\domains\yii-1.1\framework\yiic.php(33): CApplication->run()
#14 D:\nadilk\OSPanel\OpenServer\domains\domashka.me\protected\yiic.php(8): require_once('D:\\nadilk\\OSPan...')
#15 {main}
---
2021/08/19 13:43:29 [error] [exception.ParseError] ParseError: syntax error, unexpected ';', expecting ')' in D:\nadilk\OSPanel\OpenServer\domains\domashka.me\protected\views\layouts\main.php:37
Stack trace:
#0 D:\nadilk\OSPanel\OpenServer\domains\domashka.me\vendor\yiisoft\yii\framework\web\CBaseController.php(95): CBaseController->renderInternal('D:\\nadilk\\OSPan...', Array, true)
#1 D:\nadilk\OSPanel\OpenServer\domains\domashka.me\vendor\yiisoft\yii\framework\web\widgets\CContentDecorator.php(76): CBaseController->renderFile('D:\\nadilk\\OSPan...', Array, true)
#2 D:\nadilk\OSPanel\OpenServer\domains\domashka.me\vendor\yiisoft\yii\framework\web\widgets\CContentDecorator.php(54): CContentDecorator->decorate('<div id="conten...')
#3 D:\nadilk\OSPanel\OpenServer\domains\domashka.me\vendor\yiisoft\yii\framework\web\widgets\COutputProcessor.php(44): CContentDecorator->processOutput('<div id="conten...')
#4 D:\nadilk\OSPanel\OpenServer\domains\domashka.me\vendor\yiisoft\yii\framework\web\CBaseController.php(215): COutputProcessor->run()
#5 D:\nadilk\OSPanel\OpenServer\domains\domashka.me\vendor\yiisoft\yii\framework\web\CBaseController.php(309): CBaseController->endWidget('CContentDecorat...')
#6 D:\nadilk\OSPanel\OpenServer\domains\domashka.me\protected\views\layouts\column1.php(6): CBaseController->endContent()
#7 D:\nadilk\OSPanel\OpenServer\domains\domashka.me\vendor\yiisoft\yii\framework\web\CBaseController.php(126): require('D:\\nadilk\\OSPan...')
#8 D:\nadilk\OSPanel\OpenServer\domains\domashka.me\vendor\yiisoft\yii\framework\web\CBaseController.php(95): CBaseController->renderInternal('D:\\nadilk\\OSPan...', Array, true)
#9 D:\nadilk\OSPanel\OpenServer\domains\domashka.me\vendor\yiisoft\yii\framework\web\CController.php(787): CBaseController->renderFile('D:\\nadilk\\OSPan...', Array, true)
#10 D:\nadilk\OSPanel\OpenServer\domains\domashka.me\protected\controllers\SiteController.php(32): CController->render('index')
#11 D:\nadilk\OSPanel\OpenServer\domains\domashka.me\vendor\yiisoft\yii\framework\web\actions\CInlineAction.php(49): SiteController->actionIndex()
#12 D:\nadilk\OSPanel\OpenServer\domains\domashka.me\vendor\yiisoft\yii\framework\web\CController.php(308): CInlineAction->runWithParams(Array)
#13 D:\nadilk\OSPanel\OpenServer\domains\domashka.me\vendor\yiisoft\yii\framework\web\CController.php(286): CController->runAction(Object(CInlineAction))
#14 D:\nadilk\OSPanel\OpenServer\domains\domashka.me\vendor\yiisoft\yii\framework\web\CController.php(265): CController->runActionWithFilters(Object(CInlineAction), Array)
#15 D:\nadilk\OSPanel\OpenServer\domains\domashka.me\vendor\yiisoft\yii\framework\web\CWebApplication.php(282): CController->run('')
#16 D:\nadilk\OSPanel\OpenServer\domains\domashka.me\vendor\yiisoft\yii\framework\web\CWebApplication.php(141): CWebApplication->runController('')
#17 D:\nadilk\OSPanel\OpenServer\domains\domashka.me\vendor\yiisoft\yii\framework\base\CApplication.php(185): CWebApplication->processRequest()
#18 D:\nadilk\OSPanel\OpenServer\domains\domashka.me\index.php(12): CApplication->run()
#19 {main}
REQUEST_URI=/index.php
HTTP_REFERER=http://domashka.me/index.php
---
2021/08/19 13:57:01 [error] [exception.CHttpException.404] CHttpException: The system is unable to find the requested action "post-submit". in D:\nadilk\OSPanel\OpenServer\domains\domashka.me\vendor\yiisoft\yii\framework\web\CController.php:486
Stack trace:
#0 D:\nadilk\OSPanel\OpenServer\domains\domashka.me\vendor\yiisoft\yii\framework\web\CController.php(270): CController->missingAction('post-submit')
#1 D:\nadilk\OSPanel\OpenServer\domains\domashka.me\vendor\yiisoft\yii\framework\web\CWebApplication.php(282): CController->run('post-submit')
#2 D:\nadilk\OSPanel\OpenServer\domains\domashka.me\vendor\yiisoft\yii\framework\web\CWebApplication.php(141): CWebApplication->runController('site/post-submi...')
#3 D:\nadilk\OSPanel\OpenServer\domains\domashka.me\vendor\yiisoft\yii\framework\base\CApplication.php(185): CWebApplication->processRequest()
#4 D:\nadilk\OSPanel\OpenServer\domains\domashka.me\index.php(12): CApplication->run()
#5 {main}
REQUEST_URI=/index.php?r=site/post-submit
HTTP_REFERER=http://domashka.me/index.php?r=site/post
---
2021/08/19 13:57:23 [error] [exception.CHttpException.404] CHttpException: The system is unable to find the requested action "post-submit". in D:\nadilk\OSPanel\OpenServer\domains\domashka.me\vendor\yiisoft\yii\framework\web\CController.php:486
Stack trace:
#0 D:\nadilk\OSPanel\OpenServer\domains\domashka.me\vendor\yiisoft\yii\framework\web\CController.php(270): CController->missingAction('post-submit')
#1 D:\nadilk\OSPanel\OpenServer\domains\domashka.me\vendor\yiisoft\yii\framework\web\CWebApplication.php(282): CController->run('post-submit')
#2 D:\nadilk\OSPanel\OpenServer\domains\domashka.me\vendor\yiisoft\yii\framework\web\CWebApplication.php(141): CWebApplication->runController('site/post-submi...')
#3 D:\nadilk\OSPanel\OpenServer\domains\domashka.me\vendor\yiisoft\yii\framework\base\CApplication.php(185): CWebApplication->processRequest()
#4 D:\nadilk\OSPanel\OpenServer\domains\domashka.me\index.php(12): CApplication->run()
#5 {main}
REQUEST_URI=/index.php?r=site/post-submit
HTTP_REFERER=http://domashka.me/index.php?r=site/post
---
2021/08/19 13:57:25 [error] [exception.CHttpException.404] CHttpException: The system is unable to find the requested action "post-submit". in D:\nadilk\OSPanel\OpenServer\domains\domashka.me\vendor\yiisoft\yii\framework\web\CController.php:486
Stack trace:
#0 D:\nadilk\OSPanel\OpenServer\domains\domashka.me\vendor\yiisoft\yii\framework\web\CController.php(270): CController->missingAction('post-submit')
#1 D:\nadilk\OSPanel\OpenServer\domains\domashka.me\vendor\yiisoft\yii\framework\web\CWebApplication.php(282): CController->run('post-submit')
#2 D:\nadilk\OSPanel\OpenServer\domains\domashka.me\vendor\yiisoft\yii\framework\web\CWebApplication.php(141): CWebApplication->runController('site/post-submi...')
#3 D:\nadilk\OSPanel\OpenServer\domains\domashka.me\vendor\yiisoft\yii\framework\base\CApplication.php(185): CWebApplication->processRequest()
#4 D:\nadilk\OSPanel\OpenServer\domains\domashka.me\index.php(12): CApplication->run()
#5 {main}
REQUEST_URI=/index.php?r=site/post-submit
HTTP_REFERER=http://domashka.me/index.php?r=site/post
---
2021/08/19 13:30:49 [error] [exception.CDbException] CDbException: CDbConnection failed to open the DB connection: could not find driver in D:\nadilk\OSPanel\OpenServer\domains\yii-1.1\framework\db\CDbConnection.php:399
Stack trace:
#0 D:\nadilk\OSPanel\OpenServer\domains\yii-1.1\framework\db\CDbConnection.php(347): CDbConnection->open()
#1 D:\nadilk\OSPanel\OpenServer\domains\yii-1.1\framework\db\CDbConnection.php(325): CDbConnection->setActive()
#2 D:\nadilk\OSPanel\OpenServer\domains\yii-1.1\framework\base\CModule.php(394): CDbConnection->init()
#3 D:\nadilk\OSPanel\OpenServer\domains\yii-1.1\framework\cli\commands\MigrateCommand.php(472): CModule->getComponent()
#4 D:\nadilk\OSPanel\OpenServer\domains\yii-1.1\framework\cli\commands\MigrateCommand.php(481): MigrateCommand->getDbConnection()
#5 D:\nadilk\OSPanel\OpenServer\domains\yii-1.1\framework\cli\commands\MigrateCommand.php(512): MigrateCommand->getMigrationHistory()
#6 D:\nadilk\OSPanel\OpenServer\domains\yii-1.1\framework\cli\commands\MigrateCommand.php(84): MigrateCommand->getNewMigrations()
#7 [internal function]: MigrateCommand->actionUp()
#8 D:\nadilk\OSPanel\OpenServer\domains\yii-1.1\framework\console\CConsoleCommand.php(178): ReflectionMethod->invokeArgs()
#9 D:\nadilk\OSPanel\OpenServer\domains\yii-1.1\framework\console\CConsoleCommandRunner.php(71): CConsoleCommand->run()
#10 D:\nadilk\OSPanel\OpenServer\domains\yii-1.1\framework\console\CConsoleApplication.php(92): CConsoleCommandRunner->run()
#11 D:\nadilk\OSPanel\OpenServer\domains\yii-1.1\framework\base\CApplication.php(185): CConsoleApplication->processRequest()
#12 D:\nadilk\OSPanel\OpenServer\domains\yii-1.1\framework\yiic.php(33): CApplication->run()
#13 D:\nadilk\OSPanel\OpenServer\domains\domashka.me\protected\yiic.php(8): require_once('D:\\nadilk\\OSPan...')
#14 {main}
---
2021/08/19 13:33:19 [error] [system.db.CDbCommand] CDbCommand::fetchAll() failed: SQLSTATE[42S02]: Base table or view not found: 1146 Table 'domashka.tbl_migration' doesn't exist. The SQL statement executed was: SHOW FULL COLUMNS FROM `tbl_migration`.
2021/08/19 14:22:10 [error] [php] include(ZMQContext.php): failed to open stream: No such file or directory (D:\nadilk\OSPanel\OpenServer\domains\yii-1.1\framework\YiiBase.php:463)
Stack trace:
#0 D:\nadilk\OSPanel\OpenServer\domains\yii-1.1\framework\YiiBase.php(463): include()
#1 unknown(0): autoload()
#2 D:\nadilk\OSPanel\OpenServer\domains\domashka.me\protected\commands\WebsocketCommand.php(10): spl_autoload_call()
#3 D:\nadilk\OSPanel\OpenServer\domains\yii-1.1\framework\console\CConsoleCommandRunner.php(71): WebsocketCommand->run()
#4 D:\nadilk\OSPanel\OpenServer\domains\yii-1.1\framework\console\CConsoleApplication.php(92): CConsoleCommandRunner->run()
#5 D:\nadilk\OSPanel\OpenServer\domains\yii-1.1\framework\base\CApplication.php(185): CConsoleApplication->processRequest()
#6 D:\nadilk\OSPanel\OpenServer\domains\yii-1.1\framework\yiic.php(33): CConsoleApplication->run()
#7 D:\nadilk\OSPanel\OpenServer\domains\domashka.me\protected\yiic.php(8): require_once()

2021/08/19 14:22:51 [error] [php] include(ZMQContext.php): failed to open stream: No such file or directory (D:\nadilk\OSPanel\OpenServer\domains\yii-1.1\framework\YiiBase.php:463)
Stack trace:
#0 D:\nadilk\OSPanel\OpenServer\domains\yii-1.1\framework\YiiBase.php(463): include()
#1 unknown(0): autoload()
#2 D:\nadilk\OSPanel\OpenServer\domains\domashka.me\protected\commands\WebsocketCommand.php(10): spl_autoload_call()
#3 D:\nadilk\OSPanel\OpenServer\domains\yii-1.1\framework\console\CConsoleCommandRunner.php(71): WebsocketCommand->run()
#4 D:\nadilk\OSPanel\OpenServer\domains\yii-1.1\framework\console\CConsoleApplication.php(92): CConsoleCommandRunner->run()
#5 D:\nadilk\OSPanel\OpenServer\domains\yii-1.1\framework\base\CApplication.php(185): CConsoleApplication->processRequest()
#6 D:\nadilk\OSPanel\OpenServer\domains\yii-1.1\framework\yiic.php(33): CConsoleApplication->run()
#7 D:\nadilk\OSPanel\OpenServer\domains\domashka.me\protected\yiic.php(8): require_once()

2021/08/19 14:24:01 [error] [php] include(ZMQContext.php): failed to open stream: No such file or directory (D:\nadilk\OSPanel\OpenServer\domains\yii-1.1\framework\YiiBase.php:463)
Stack trace:
#0 D:\nadilk\OSPanel\OpenServer\domains\yii-1.1\framework\YiiBase.php(463): include()
#1 unknown(0): autoload()
#2 D:\nadilk\OSPanel\OpenServer\domains\domashka.me\protected\commands\WebsocketCommand.php(10): spl_autoload_call()
#3 D:\nadilk\OSPanel\OpenServer\domains\yii-1.1\framework\console\CConsoleCommandRunner.php(71): WebsocketCommand->run()
#4 D:\nadilk\OSPanel\OpenServer\domains\yii-1.1\framework\console\CConsoleApplication.php(92): CConsoleCommandRunner->run()
#5 D:\nadilk\OSPanel\OpenServer\domains\yii-1.1\framework\base\CApplication.php(185): CConsoleApplication->processRequest()
#6 D:\nadilk\OSPanel\OpenServer\domains\yii-1.1\framework\yiic.php(33): CConsoleApplication->run()
#7 D:\nadilk\OSPanel\OpenServer\domains\domashka.me\protected\yiic.php(8): require_once()

2021/08/19 14:24:52 [error] [php] include(ZMQContext.php): failed to open stream: No such file or directory (D:\nadilk\OSPanel\OpenServer\domains\yii-1.1\framework\YiiBase.php:463)
Stack trace:
#0 D:\nadilk\OSPanel\OpenServer\domains\yii-1.1\framework\YiiBase.php(463): include()
#1 unknown(0): autoload()
#2 D:\nadilk\OSPanel\OpenServer\domains\domashka.me\protected\commands\WebsocketCommand.php(10): spl_autoload_call()
#3 D:\nadilk\OSPanel\OpenServer\domains\yii-1.1\framework\console\CConsoleCommandRunner.php(71): WebsocketCommand->run()
#4 D:\nadilk\OSPanel\OpenServer\domains\yii-1.1\framework\console\CConsoleApplication.php(92): CConsoleCommandRunner->run()
#5 D:\nadilk\OSPanel\OpenServer\domains\yii-1.1\framework\base\CApplication.php(185): CConsoleApplication->processRequest()
#6 D:\nadilk\OSPanel\OpenServer\domains\yii-1.1\framework\yiic.php(33): CConsoleApplication->run()
#7 D:\nadilk\OSPanel\OpenServer\domains\domashka.me\protected\yiic.php(8): require_once()

2021/08/19 14:25:28 [error] [php] include(ZMQContext.php): failed to open stream: No such file or directory (D:\nadilk\OSPanel\OpenServer\domains\yii-1.1\framework\YiiBase.php:463)
Stack trace:
#0 D:\nadilk\OSPanel\OpenServer\domains\yii-1.1\framework\YiiBase.php(463): include()
#1 unknown(0): autoload()
#2 D:\nadilk\OSPanel\OpenServer\domains\domashka.me\protected\commands\WebsocketCommand.php(10): spl_autoload_call()
#3 D:\nadilk\OSPanel\OpenServer\domains\yii-1.1\framework\console\CConsoleCommandRunner.php(71): WebsocketCommand->run()
#4 D:\nadilk\OSPanel\OpenServer\domains\yii-1.1\framework\console\CConsoleApplication.php(92): CConsoleCommandRunner->run()
#5 D:\nadilk\OSPanel\OpenServer\domains\yii-1.1\framework\base\CApplication.php(185): CConsoleApplication->processRequest()
#6 D:\nadilk\OSPanel\OpenServer\domains\yii-1.1\framework\yiic.php(33): CConsoleApplication->run()
#7 D:\nadilk\OSPanel\OpenServer\domains\domashka.me\protected\yiic.php(8): require_once()

2021/08/19 17:52:42 [error] [php] include(ZMQContext.php): failed to open stream: No such file or directory (D:\nadilk\OSPanel\OpenServer\domains\domashka.me\vendor\yiisoft\yii\framework\YiiBase.php:463)
Stack trace:
#0 D:\nadilk\OSPanel\OpenServer\domains\domashka.me\vendor\yiisoft\yii\framework\YiiBase.php(463): include()
#1 unknown(0): autoload()
#2 D:\nadilk\OSPanel\OpenServer\domains\domashka.me\protected\controllers\SiteController.php(61): spl_autoload_call()
#3 D:\nadilk\OSPanel\OpenServer\domains\domashka.me\vendor\yiisoft\yii\framework\web\actions\CInlineAction.php(49): SiteController->actionPostsubmit()
#4 D:\nadilk\OSPanel\OpenServer\domains\domashka.me\vendor\yiisoft\yii\framework\web\CController.php(308): CInlineAction->runWithParams()
#5 D:\nadilk\OSPanel\OpenServer\domains\domashka.me\vendor\yiisoft\yii\framework\web\CController.php(286): SiteController->runAction()
#6 D:\nadilk\OSPanel\OpenServer\domains\domashka.me\vendor\yiisoft\yii\framework\web\CController.php(265): SiteController->runActionWithFilters()
#7 D:\nadilk\OSPanel\OpenServer\domains\domashka.me\vendor\yiisoft\yii\framework\web\CWebApplication.php(282): SiteController->run()
#8 D:\nadilk\OSPanel\OpenServer\domains\domashka.me\vendor\yiisoft\yii\framework\web\CWebApplication.php(141): CWebApplication->runController()
#9 D:\nadilk\OSPanel\OpenServer\domains\domashka.me\vendor\yiisoft\yii\framework\base\CApplication.php(185): CWebApplication->processRequest()
#10 D:\nadilk\OSPanel\OpenServer\domains\domashka.me\index.php(12): CWebApplication->run()
REQUEST_URI=/index.php?r=site/postsubmit
in D:\nadilk\OSPanel\OpenServer\domains\domashka.me\protected\controllers\SiteController.php (61)
in D:\nadilk\OSPanel\OpenServer\domains\domashka.me\index.php (12)
2021/08/19 17:54:24 [error] [php] include(ZMQContext.php): failed to open stream: No such file or directory (D:\nadilk\OSPanel\OpenServer\domains\domashka.me\vendor\yiisoft\yii\framework\YiiBase.php:463)
Stack trace:
#0 D:\nadilk\OSPanel\OpenServer\domains\domashka.me\vendor\yiisoft\yii\framework\YiiBase.php(463): include()
#1 unknown(0): autoload()
#2 D:\nadilk\OSPanel\OpenServer\domains\domashka.me\protected\controllers\SiteController.php(61): spl_autoload_call()
#3 D:\nadilk\OSPanel\OpenServer\domains\domashka.me\vendor\yiisoft\yii\framework\web\actions\CInlineAction.php(49): SiteController->actionPostsubmit()
#4 D:\nadilk\OSPanel\OpenServer\domains\domashka.me\vendor\yiisoft\yii\framework\web\CController.php(308): CInlineAction->runWithParams()
#5 D:\nadilk\OSPanel\OpenServer\domains\domashka.me\vendor\yiisoft\yii\framework\web\CController.php(286): SiteController->runAction()
#6 D:\nadilk\OSPanel\OpenServer\domains\domashka.me\vendor\yiisoft\yii\framework\web\CController.php(265): SiteController->runActionWithFilters()
#7 D:\nadilk\OSPanel\OpenServer\domains\domashka.me\vendor\yiisoft\yii\framework\web\CWebApplication.php(282): SiteController->run()
#8 D:\nadilk\OSPanel\OpenServer\domains\domashka.me\vendor\yiisoft\yii\framework\web\CWebApplication.php(141): CWebApplication->runController()
#9 D:\nadilk\OSPanel\OpenServer\domains\domashka.me\vendor\yiisoft\yii\framework\base\CApplication.php(185): CWebApplication->processRequest()
#10 D:\nadilk\OSPanel\OpenServer\domains\domashka.me\index.php(12): CWebApplication->run()
REQUEST_URI=/index.php?r=site/postsubmit
in D:\nadilk\OSPanel\OpenServer\domains\domashka.me\protected\controllers\SiteController.php (61)
in D:\nadilk\OSPanel\OpenServer\domains\domashka.me\index.php (12)
2021/08/19 17:54:59 [error] [php] include(ZMQContext.php): failed to open stream: No such file or directory (D:\nadilk\OSPanel\OpenServer\domains\domashka.me\vendor\yiisoft\yii\framework\YiiBase.php:463)
Stack trace:
#0 D:\nadilk\OSPanel\OpenServer\domains\domashka.me\vendor\yiisoft\yii\framework\YiiBase.php(463): include()
#1 unknown(0): autoload()
#2 D:\nadilk\OSPanel\OpenServer\domains\domashka.me\protected\controllers\SiteController.php(61): spl_autoload_call()
#3 D:\nadilk\OSPanel\OpenServer\domains\domashka.me\vendor\yiisoft\yii\framework\web\actions\CInlineAction.php(49): SiteController->actionPostsubmit()
#4 D:\nadilk\OSPanel\OpenServer\domains\domashka.me\vendor\yiisoft\yii\framework\web\CController.php(308): CInlineAction->runWithParams()
#5 D:\nadilk\OSPanel\OpenServer\domains\domashka.me\vendor\yiisoft\yii\framework\web\CController.php(286): SiteController->runAction()
#6 D:\nadilk\OSPanel\OpenServer\domains\domashka.me\vendor\yiisoft\yii\framework\web\CController.php(265): SiteController->runActionWithFilters()
#7 D:\nadilk\OSPanel\OpenServer\domains\domashka.me\vendor\yiisoft\yii\framework\web\CWebApplication.php(282): SiteController->run()
#8 D:\nadilk\OSPanel\OpenServer\domains\domashka.me\vendor\yiisoft\yii\framework\web\CWebApplication.php(141): CWebApplication->runController()
#9 D:\nadilk\OSPanel\OpenServer\domains\domashka.me\vendor\yiisoft\yii\framework\base\CApplication.php(185): CWebApplication->processRequest()
#10 D:\nadilk\OSPanel\OpenServer\domains\domashka.me\index.php(12): CWebApplication->run()
REQUEST_URI=/index.php?r=site/postsubmit
in D:\nadilk\OSPanel\OpenServer\domains\domashka.me\protected\controllers\SiteController.php (61)
in D:\nadilk\OSPanel\OpenServer\domains\domashka.me\index.php (12)
2021/08/19 18:05:01 [error] [system.db.CDbCommand] CDbCommand::fetchAll() failed: SQLSTATE[42S02]: Base table or view not found: 1146 Table 'domashka.tbl_post' doesn't exist. The SQL statement executed was: SHOW FULL COLUMNS FROM `tbl_post`.
in D:\nadilk\OSPanel\OpenServer\domains\domashka.me\protected\controllers\SiteController.php (52)
in D:\nadilk\OSPanel\OpenServer\domains\domashka.me\index.php (12)
2021/08/19 18:05:01 [error] [exception.CDbException] CDbException: The table "tbl_post" for active record class "App\models\PostRecord" cannot be found in the database. in D:\nadilk\OSPanel\OpenServer\domains\domashka.me\vendor\yiisoft\yii\framework\db\ar\CActiveRecord.php:2390
Stack trace:
#0 D:\nadilk\OSPanel\OpenServer\domains\domashka.me\vendor\yiisoft\yii\framework\db\ar\CActiveRecord.php(413): CActiveRecordMetaData->__construct(Object(App\models\PostRecord))
#1 D:\nadilk\OSPanel\OpenServer\domains\domashka.me\vendor\yiisoft\yii\framework\db\ar\CActiveRecord.php(79): CActiveRecord->getMetaData()
#2 D:\nadilk\OSPanel\OpenServer\domains\domashka.me\protected\controllers\SiteController.php(52): CActiveRecord->__construct()
#3 D:\nadilk\OSPanel\OpenServer\domains\domashka.me\vendor\yiisoft\yii\framework\web\actions\CInlineAction.php(49): SiteController->actionPostsubmit()
#4 D:\nadilk\OSPanel\OpenServer\domains\domashka.me\vendor\yiisoft\yii\framework\web\CController.php(308): CInlineAction->runWithParams(Array)
#5 D:\nadilk\OSPanel\OpenServer\domains\domashka.me\vendor\yiisoft\yii\framework\web\CController.php(286): CController->runAction(Object(CInlineAction))
#6 D:\nadilk\OSPanel\OpenServer\domains\domashka.me\vendor\yiisoft\yii\framework\web\CController.php(265): CController->runActionWithFilters(Object(CInlineAction), Array)
#7 D:\nadilk\OSPanel\OpenServer\domains\domashka.me\vendor\yiisoft\yii\framework\web\CWebApplication.php(282): CController->run('postsubmit')
#8 D:\nadilk\OSPanel\OpenServer\domains\domashka.me\vendor\yiisoft\yii\framework\web\CWebApplication.php(141): CWebApplication->runController('site/postsubmit')
#9 D:\nadilk\OSPanel\OpenServer\domains\domashka.me\vendor\yiisoft\yii\framework\base\CApplication.php(185): CWebApplication->processRequest()
#10 D:\nadilk\OSPanel\OpenServer\domains\domashka.me\index.php(12): CApplication->run()
#11 {main}
REQUEST_URI=/index.php?r=site/postsubmit
HTTP_REFERER=http://domashka.me/index.php?r=site/post
---
2021/08/19 18:05:16 [error] [system.db.CDbCommand] CDbCommand::execute() failed: SQLSTATE[22007]: Invalid datetime format: 1292 Incorrect datetime value: '19-08-2021 18:05' for column 'created_at' at row 1. The SQL statement executed was: INSERT INTO `tbl_posts` (`created_at`) VALUES (:yp0).
in D:\nadilk\OSPanel\OpenServer\domains\domashka.me\protected\controllers\SiteController.php (55)
in D:\nadilk\OSPanel\OpenServer\domains\domashka.me\index.php (12)
2021/08/19 18:05:16 [error] [exception.CDbException] CDbException: CDbCommand failed to execute the SQL statement: SQLSTATE[22007]: Invalid datetime format: 1292 Incorrect datetime value: '19-08-2021 18:05' for column 'created_at' at row 1. The SQL statement executed was: INSERT INTO `tbl_posts` (`created_at`) VALUES (:yp0) in D:\nadilk\OSPanel\OpenServer\domains\domashka.me\vendor\yiisoft\yii\framework\db\CDbCommand.php:358
Stack trace:
#0 D:\nadilk\OSPanel\OpenServer\domains\domashka.me\vendor\yiisoft\yii\framework\db\ar\CActiveRecord.php(1083): CDbCommand->execute()
#1 D:\nadilk\OSPanel\OpenServer\domains\domashka.me\vendor\yiisoft\yii\framework\db\ar\CActiveRecord.php(811): CActiveRecord->insert(NULL)
#2 D:\nadilk\OSPanel\OpenServer\domains\domashka.me\protected\controllers\SiteController.php(55): CActiveRecord->save()
#3 D:\nadilk\OSPanel\OpenServer\domains\domashka.me\vendor\yiisoft\yii\framework\web\actions\CInlineAction.php(49): SiteController->actionPostsubmit()
#4 D:\nadilk\OSPanel\OpenServer\domains\domashka.me\vendor\yiisoft\yii\framework\web\CController.php(308): CInlineAction->runWithParams(Array)
#5 D:\nadilk\OSPanel\OpenServer\domains\domashka.me\vendor\yiisoft\yii\framework\web\CController.php(286): CController->runAction(Object(CInlineAction))
#6 D:\nadilk\OSPanel\OpenServer\domains\domashka.me\vendor\yiisoft\yii\framework\web\CController.php(265): CController->runActionWithFilters(Object(CInlineAction), Array)
#7 D:\nadilk\OSPanel\OpenServer\domains\domashka.me\vendor\yiisoft\yii\framework\web\CWebApplication.php(282): CController->run('postsubmit')
#8 D:\nadilk\OSPanel\OpenServer\domains\domashka.me\vendor\yiisoft\yii\framework\web\CWebApplication.php(141): CWebApplication->runController('site/postsubmit')
#9 D:\nadilk\OSPanel\OpenServer\domains\domashka.me\vendor\yiisoft\yii\framework\base\CApplication.php(185): CWebApplication->processRequest()
#10 D:\nadilk\OSPanel\OpenServer\domains\domashka.me\index.php(12): CApplication->run()
#11 {main}
REQUEST_URI=/index.php?r=site/postsubmit
HTTP_REFERER=http://domashka.me/index.php?r=site/post
---
2021/08/19 18:05:34 [error] [system.db.CDbCommand] CDbCommand::execute() failed: SQLSTATE[HY000]: General error: 1364 Field 'content' doesn't have a default value. The SQL statement executed was: INSERT INTO `tbl_posts` (`created_at`) VALUES (:yp0).
in D:\nadilk\OSPanel\OpenServer\domains\domashka.me\protected\controllers\SiteController.php (55)
in D:\nadilk\OSPanel\OpenServer\domains\domashka.me\index.php (12)
2021/08/19 18:05:34 [error] [exception.CDbException] CDbException: CDbCommand failed to execute the SQL statement: SQLSTATE[HY000]: General error: 1364 Field 'content' doesn't have a default value. The SQL statement executed was: INSERT INTO `tbl_posts` (`created_at`) VALUES (:yp0) in D:\nadilk\OSPanel\OpenServer\domains\domashka.me\vendor\yiisoft\yii\framework\db\CDbCommand.php:358
Stack trace:
#0 D:\nadilk\OSPanel\OpenServer\domains\domashka.me\vendor\yiisoft\yii\framework\db\ar\CActiveRecord.php(1083): CDbCommand->execute()
#1 D:\nadilk\OSPanel\OpenServer\domains\domashka.me\vendor\yiisoft\yii\framework\db\ar\CActiveRecord.php(811): CActiveRecord->insert(NULL)
#2 D:\nadilk\OSPanel\OpenServer\domains\domashka.me\protected\controllers\SiteController.php(55): CActiveRecord->save()
#3 D:\nadilk\OSPanel\OpenServer\domains\domashka.me\vendor\yiisoft\yii\framework\web\actions\CInlineAction.php(49): SiteController->actionPostsubmit()
#4 D:\nadilk\OSPanel\OpenServer\domains\domashka.me\vendor\yiisoft\yii\framework\web\CController.php(308): CInlineAction->runWithParams(Array)
#5 D:\nadilk\OSPanel\OpenServer\domains\domashka.me\vendor\yiisoft\yii\framework\web\CController.php(286): CController->runAction(Object(CInlineAction))
#6 D:\nadilk\OSPanel\OpenServer\domains\domashka.me\vendor\yiisoft\yii\framework\web\CController.php(265): CController->runActionWithFilters(Object(CInlineAction), Array)
#7 D:\nadilk\OSPanel\OpenServer\domains\domashka.me\vendor\yiisoft\yii\framework\web\CWebApplication.php(282): CController->run('postsubmit')
#8 D:\nadilk\OSPanel\OpenServer\domains\domashka.me\vendor\yiisoft\yii\framework\web\CWebApplication.php(141): CWebApplication->runController('site/postsubmit')
#9 D:\nadilk\OSPanel\OpenServer\domains\domashka.me\vendor\yiisoft\yii\framework\base\CApplication.php(185): CWebApplication->processRequest()
#10 D:\nadilk\OSPanel\OpenServer\domains\domashka.me\index.php(12): CApplication->run()
#11 {main}
REQUEST_URI=/index.php?r=site/postsubmit
HTTP_REFERER=http://domashka.me/index.php?r=site/post
---
2021/08/19 18:05:52 [error] [system.db.CDbCommand] CDbCommand::execute() failed: SQLSTATE[HY000]: General error: 1364 Field 'content' doesn't have a default value. The SQL statement executed was: INSERT INTO `tbl_posts` (`created_at`) VALUES (:yp0).
in D:\nadilk\OSPanel\OpenServer\domains\domashka.me\protected\controllers\SiteController.php (55)
in D:\nadilk\OSPanel\OpenServer\domains\domashka.me\index.php (12)
2021/08/19 18:05:52 [error] [exception.CDbException] CDbException: CDbCommand failed to execute the SQL statement: SQLSTATE[HY000]: General error: 1364 Field 'content' doesn't have a default value. The SQL statement executed was: INSERT INTO `tbl_posts` (`created_at`) VALUES (:yp0) in D:\nadilk\OSPanel\OpenServer\domains\domashka.me\vendor\yiisoft\yii\framework\db\CDbCommand.php:358
Stack trace:
#0 D:\nadilk\OSPanel\OpenServer\domains\domashka.me\vendor\yiisoft\yii\framework\db\ar\CActiveRecord.php(1083): CDbCommand->execute()
#1 D:\nadilk\OSPanel\OpenServer\domains\domashka.me\vendor\yiisoft\yii\framework\db\ar\CActiveRecord.php(811): CActiveRecord->insert(NULL)
#2 D:\nadilk\OSPanel\OpenServer\domains\domashka.me\protected\controllers\SiteController.php(55): CActiveRecord->save()
#3 D:\nadilk\OSPanel\OpenServer\domains\domashka.me\vendor\yiisoft\yii\framework\web\actions\CInlineAction.php(49): SiteController->actionPostsubmit()
#4 D:\nadilk\OSPanel\OpenServer\domains\domashka.me\vendor\yiisoft\yii\framework\web\CController.php(308): CInlineAction->runWithParams(Array)
#5 D:\nadilk\OSPanel\OpenServer\domains\domashka.me\vendor\yiisoft\yii\framework\web\CController.php(286): CController->runAction(Object(CInlineAction))
#6 D:\nadilk\OSPanel\OpenServer\domains\domashka.me\vendor\yiisoft\yii\framework\web\CController.php(265): CController->runActionWithFilters(Object(CInlineAction), Array)
#7 D:\nadilk\OSPanel\OpenServer\domains\domashka.me\vendor\yiisoft\yii\framework\web\CWebApplication.php(282): CController->run('postsubmit')
#8 D:\nadilk\OSPanel\OpenServer\domains\domashka.me\vendor\yiisoft\yii\framework\web\CWebApplication.php(141): CWebApplication->runController('site/postsubmit')
#9 D:\nadilk\OSPanel\OpenServer\domains\domashka.me\vendor\yiisoft\yii\framework\base\CApplication.php(185): CWebApplication->processRequest()
#10 D:\nadilk\OSPanel\OpenServer\domains\domashka.me\index.php(12): CApplication->run()
#11 {main}
REQUEST_URI=/index.php?r=site/postsubmit
HTTP_REFERER=http://domashka.me/index.php?r=site/post
---
2021/08/19 18:05:53 [error] [system.db.CDbCommand] CDbCommand::execute() failed: SQLSTATE[HY000]: General error: 1364 Field 'content' doesn't have a default value. The SQL statement executed was: INSERT INTO `tbl_posts` (`created_at`) VALUES (:yp0).
in D:\nadilk\OSPanel\OpenServer\domains\domashka.me\protected\controllers\SiteController.php (55)
in D:\nadilk\OSPanel\OpenServer\domains\domashka.me\index.php (12)
2021/08/19 18:05:53 [error] [exception.CDbException] CDbException: CDbCommand failed to execute the SQL statement: SQLSTATE[HY000]: General error: 1364 Field 'content' doesn't have a default value. The SQL statement executed was: INSERT INTO `tbl_posts` (`created_at`) VALUES (:yp0) in D:\nadilk\OSPanel\OpenServer\domains\domashka.me\vendor\yiisoft\yii\framework\db\CDbCommand.php:358
Stack trace:
#0 D:\nadilk\OSPanel\OpenServer\domains\domashka.me\vendor\yiisoft\yii\framework\db\ar\CActiveRecord.php(1083): CDbCommand->execute()
#1 D:\nadilk\OSPanel\OpenServer\domains\domashka.me\vendor\yiisoft\yii\framework\db\ar\CActiveRecord.php(811): CActiveRecord->insert(NULL)
#2 D:\nadilk\OSPanel\OpenServer\domains\domashka.me\protected\controllers\SiteController.php(55): CActiveRecord->save()
#3 D:\nadilk\OSPanel\OpenServer\domains\domashka.me\vendor\yiisoft\yii\framework\web\actions\CInlineAction.php(49): SiteController->actionPostsubmit()
#4 D:\nadilk\OSPanel\OpenServer\domains\domashka.me\vendor\yiisoft\yii\framework\web\CController.php(308): CInlineAction->runWithParams(Array)
#5 D:\nadilk\OSPanel\OpenServer\domains\domashka.me\vendor\yiisoft\yii\framework\web\CController.php(286): CController->runAction(Object(CInlineAction))
#6 D:\nadilk\OSPanel\OpenServer\domains\domashka.me\vendor\yiisoft\yii\framework\web\CController.php(265): CController->runActionWithFilters(Object(CInlineAction), Array)
#7 D:\nadilk\OSPanel\OpenServer\domains\domashka.me\vendor\yiisoft\yii\framework\web\CWebApplication.php(282): CController->run('postsubmit')
#8 D:\nadilk\OSPanel\OpenServer\domains\domashka.me\vendor\yiisoft\yii\framework\web\CWebApplication.php(141): CWebApplication->runController('site/postsubmit')
#9 D:\nadilk\OSPanel\OpenServer\domains\domashka.me\vendor\yiisoft\yii\framework\base\CApplication.php(185): CWebApplication->processRequest()
#10 D:\nadilk\OSPanel\OpenServer\domains\domashka.me\index.php(12): CApplication->run()
#11 {main}
REQUEST_URI=/index.php?r=site/postsubmit
HTTP_REFERER=http://domashka.me/index.php?r=site/post
---
2021/08/19 18:05:57 [error] [system.db.CDbCommand] CDbCommand::execute() failed: SQLSTATE[HY000]: General error: 1364 Field 'content' doesn't have a default value. The SQL statement executed was: INSERT INTO `tbl_posts` (`created_at`) VALUES (:yp0).
in D:\nadilk\OSPanel\OpenServer\domains\domashka.me\protected\controllers\SiteController.php (55)
in D:\nadilk\OSPanel\OpenServer\domains\domashka.me\index.php (12)
2021/08/19 18:05:57 [error] [exception.CDbException] CDbException: CDbCommand failed to execute the SQL statement: SQLSTATE[HY000]: General error: 1364 Field 'content' doesn't have a default value. The SQL statement executed was: INSERT INTO `tbl_posts` (`created_at`) VALUES (:yp0) in D:\nadilk\OSPanel\OpenServer\domains\domashka.me\vendor\yiisoft\yii\framework\db\CDbCommand.php:358
Stack trace:
#0 D:\nadilk\OSPanel\OpenServer\domains\domashka.me\vendor\yiisoft\yii\framework\db\ar\CActiveRecord.php(1083): CDbCommand->execute()
#1 D:\nadilk\OSPanel\OpenServer\domains\domashka.me\vendor\yiisoft\yii\framework\db\ar\CActiveRecord.php(811): CActiveRecord->insert(NULL)
#2 D:\nadilk\OSPanel\OpenServer\domains\domashka.me\protected\controllers\SiteController.php(55): CActiveRecord->save()
#3 D:\nadilk\OSPanel\OpenServer\domains\domashka.me\vendor\yiisoft\yii\framework\web\actions\CInlineAction.php(49): SiteController->actionPostsubmit()
#4 D:\nadilk\OSPanel\OpenServer\domains\domashka.me\vendor\yiisoft\yii\framework\web\CController.php(308): CInlineAction->runWithParams(Array)
#5 D:\nadilk\OSPanel\OpenServer\domains\domashka.me\vendor\yiisoft\yii\framework\web\CController.php(286): CController->runAction(Object(CInlineAction))
#6 D:\nadilk\OSPanel\OpenServer\domains\domashka.me\vendor\yiisoft\yii\framework\web\CController.php(265): CController->runActionWithFilters(Object(CInlineAction), Array)
#7 D:\nadilk\OSPanel\OpenServer\domains\domashka.me\vendor\yiisoft\yii\framework\web\CWebApplication.php(282): CController->run('postsubmit')
#8 D:\nadilk\OSPanel\OpenServer\domains\domashka.me\vendor\yiisoft\yii\framework\web\CWebApplication.php(141): CWebApplication->runController('site/postsubmit')
#9 D:\nadilk\OSPanel\OpenServer\domains\domashka.me\vendor\yiisoft\yii\framework\base\CApplication.php(185): CWebApplication->processRequest()
#10 D:\nadilk\OSPanel\OpenServer\domains\domashka.me\index.php(12): CApplication->run()
#11 {main}
REQUEST_URI=/index.php?r=site/postsubmit
HTTP_REFERER=http://domashka.me/index.php?r=site/post
---
2021/08/19 18:18:31 [error] [php] Invalid argument supplied for foreach() (D:\nadilk\OSPanel\OpenServer\domains\domashka.me\protected\views\site\posts.php:8)
Stack trace:
#0 D:\nadilk\OSPanel\OpenServer\domains\domashka.me\vendor\yiisoft\yii\framework\web\CBaseController.php(126): require()
#1 D:\nadilk\OSPanel\OpenServer\domains\domashka.me\vendor\yiisoft\yii\framework\web\CBaseController.php(95): SiteController->renderInternal()
#2 D:\nadilk\OSPanel\OpenServer\domains\domashka.me\vendor\yiisoft\yii\framework\web\CController.php(872): SiteController->renderFile()
#3 D:\nadilk\OSPanel\OpenServer\domains\domashka.me\vendor\yiisoft\yii\framework\web\CController.php(785): SiteController->renderPartial()
#4 D:\nadilk\OSPanel\OpenServer\domains\domashka.me\protected\controllers\SiteController.php(85): SiteController->render()
#5 D:\nadilk\OSPanel\OpenServer\domains\domashka.me\vendor\yiisoft\yii\framework\web\actions\CInlineAction.php(49): SiteController->actionPosts()
#6 D:\nadilk\OSPanel\OpenServer\domains\domashka.me\vendor\yiisoft\yii\framework\web\CController.php(308): CInlineAction->runWithParams()
#7 D:\nadilk\OSPanel\OpenServer\domains\domashka.me\vendor\yiisoft\yii\framework\web\CController.php(286): SiteController->runAction()
#8 D:\nadilk\OSPanel\OpenServer\domains\domashka.me\vendor\yiisoft\yii\framework\web\CController.php(265): SiteController->runActionWithFilters()
#9 D:\nadilk\OSPanel\OpenServer\domains\domashka.me\vendor\yiisoft\yii\framework\web\CWebApplication.php(282): SiteController->run()
#10 D:\nadilk\OSPanel\OpenServer\domains\domashka.me\vendor\yiisoft\yii\framework\web\CWebApplication.php(141): CWebApplication->runController()
#11 D:\nadilk\OSPanel\OpenServer\domains\domashka.me\vendor\yiisoft\yii\framework\base\CApplication.php(185): CWebApplication->processRequest()
#12 D:\nadilk\OSPanel\OpenServer\domains\domashka.me\index.php(12): CWebApplication->run()
REQUEST_URI=/index.php?r=site/posts
in D:\nadilk\OSPanel\OpenServer\domains\domashka.me\protected\views\site\posts.php (8)
in D:\nadilk\OSPanel\OpenServer\domains\domashka.me\protected\controllers\SiteController.php (85)
in D:\nadilk\OSPanel\OpenServer\domains\domashka.me\index.php (12)
2021/08/19 18:18:32 [error] [php] Invalid argument supplied for foreach() (D:\nadilk\OSPanel\OpenServer\domains\domashka.me\protected\views\site\posts.php:8)
Stack trace:
#0 D:\nadilk\OSPanel\OpenServer\domains\domashka.me\vendor\yiisoft\yii\framework\web\CBaseController.php(126): require()
#1 D:\nadilk\OSPanel\OpenServer\domains\domashka.me\vendor\yiisoft\yii\framework\web\CBaseController.php(95): SiteController->renderInternal()
#2 D:\nadilk\OSPanel\OpenServer\domains\domashka.me\vendor\yiisoft\yii\framework\web\CController.php(872): SiteController->renderFile()
#3 D:\nadilk\OSPanel\OpenServer\domains\domashka.me\vendor\yiisoft\yii\framework\web\CController.php(785): SiteController->renderPartial()
#4 D:\nadilk\OSPanel\OpenServer\domains\domashka.me\protected\controllers\SiteController.php(85): SiteController->render()
#5 D:\nadilk\OSPanel\OpenServer\domains\domashka.me\vendor\yiisoft\yii\framework\web\actions\CInlineAction.php(49): SiteController->actionPosts()
#6 D:\nadilk\OSPanel\OpenServer\domains\domashka.me\vendor\yiisoft\yii\framework\web\CController.php(308): CInlineAction->runWithParams()
#7 D:\nadilk\OSPanel\OpenServer\domains\domashka.me\vendor\yiisoft\yii\framework\web\CController.php(286): SiteController->runAction()
#8 D:\nadilk\OSPanel\OpenServer\domains\domashka.me\vendor\yiisoft\yii\framework\web\CController.php(265): SiteController->runActionWithFilters()
#9 D:\nadilk\OSPanel\OpenServer\domains\domashka.me\vendor\yiisoft\yii\framework\web\CWebApplication.php(282): SiteController->run()
#10 D:\nadilk\OSPanel\OpenServer\domains\domashka.me\vendor\yiisoft\yii\framework\web\CWebApplication.php(141): CWebApplication->runController()
#11 D:\nadilk\OSPanel\OpenServer\domains\domashka.me\vendor\yiisoft\yii\framework\base\CApplication.php(185): CWebApplication->processRequest()
#12 D:\nadilk\OSPanel\OpenServer\domains\domashka.me\index.php(12): CWebApplication->run()
REQUEST_URI=/index.php?r=site/posts
in D:\nadilk\OSPanel\OpenServer\domains\domashka.me\protected\views\site\posts.php (8)
in D:\nadilk\OSPanel\OpenServer\domains\domashka.me\protected\controllers\SiteController.php (85)
in D:\nadilk\OSPanel\OpenServer\domains\domashka.me\index.php (12)
2021/08/19 18:18:44 [error] [php] Invalid argument supplied for foreach() (D:\nadilk\OSPanel\OpenServer\domains\domashka.me\protected\views\site\posts.php:9)
Stack trace:
#0 D:\nadilk\OSPanel\OpenServer\domains\domashka.me\vendor\yiisoft\yii\framework\web\CBaseController.php(126): require()
#1 D:\nadilk\OSPanel\OpenServer\domains\domashka.me\vendor\yiisoft\yii\framework\web\CBaseController.php(95): SiteController->renderInternal()
#2 D:\nadilk\OSPanel\OpenServer\domains\domashka.me\vendor\yiisoft\yii\framework\web\CController.php(872): SiteController->renderFile()
#3 D:\nadilk\OSPanel\OpenServer\domains\domashka.me\vendor\yiisoft\yii\framework\web\CController.php(785): SiteController->renderPartial()
#4 D:\nadilk\OSPanel\OpenServer\domains\domashka.me\protected\controllers\SiteController.php(85): SiteController->render()
#5 D:\nadilk\OSPanel\OpenServer\domains\domashka.me\vendor\yiisoft\yii\framework\web\actions\CInlineAction.php(49): SiteController->actionPosts()
#6 D:\nadilk\OSPanel\OpenServer\domains\domashka.me\vendor\yiisoft\yii\framework\web\CController.php(308): CInlineAction->runWithParams()
#7 D:\nadilk\OSPanel\OpenServer\domains\domashka.me\vendor\yiisoft\yii\framework\web\CController.php(286): SiteController->runAction()
#8 D:\nadilk\OSPanel\OpenServer\domains\domashka.me\vendor\yiisoft\yii\framework\web\CController.php(265): SiteController->runActionWithFilters()
#9 D:\nadilk\OSPanel\OpenServer\domains\domashka.me\vendor\yiisoft\yii\framework\web\CWebApplication.php(282): SiteController->run()
#10 D:\nadilk\OSPanel\OpenServer\domains\domashka.me\vendor\yiisoft\yii\framework\web\CWebApplication.php(141): CWebApplication->runController()
#11 D:\nadilk\OSPanel\OpenServer\domains\domashka.me\vendor\yiisoft\yii\framework\base\CApplication.php(185): CWebApplication->processRequest()
#12 D:\nadilk\OSPanel\OpenServer\domains\domashka.me\index.php(12): CWebApplication->run()
REQUEST_URI=/index.php?r=site/posts
in D:\nadilk\OSPanel\OpenServer\domains\domashka.me\protected\views\site\posts.php (9)
in D:\nadilk\OSPanel\OpenServer\domains\domashka.me\protected\controllers\SiteController.php (85)
in D:\nadilk\OSPanel\OpenServer\domains\domashka.me\index.php (12)
